<?xml version="1.0" encoding="UTF-8"?>
<!-- Generated by org.testng.reporters.JUnitReportReporter -->
<testsuite hostname="nebula" failures="0" tests="1" name="parallel.ParallelRun" time="30.927" errors="0" timestamp="2022-11-28T16:01:16 IST" skipped="0">
  <testcase classname="parallel.ParallelRun" name="runScenario" time="30.927"/>
  <system-out/>
</testsuite> <!-- parallel.ParallelRun -->
